{
  "stats": {
    "suites": 12,
    "tests": 41,
    "passes": 23,
    "pending": 0,
    "failures": 18,
    "start": "2022-06-04T01:52:26.704Z",
    "end": "2022-06-04T01:54:04.077Z",
    "duration": 97373,
    "testsRegistered": 41,
    "passPercent": 56.09756097560976,
    "pendingPercent": 0,
    "other": 0,
    "hasOther": false,
    "skipped": 0,
    "hasSkipped": false
  },
  "results": [
    {
      "uuid": "0011467a-a435-4737-b3f3-8de7bf37afba",
      "title": "",
      "fullFile": "cypress/integration/project.spec.js",
      "file": "cypress/integration/project.spec.js",
      "beforeHooks": [],
      "afterHooks": [],
      "tests": [],
      "suites": [
        {
          "uuid": "8b2e25cf-603e-4632-afa0-422ceba91e86",
          "title": "1 - Adicione à página o título \"Paleta de Cores\".",
          "fullFile": "",
          "file": "",
          "beforeHooks": [],
          "afterHooks": [],
          "tests": [
            {
              "title": "Verifica se contém um elemento `h1` com o id `title` com o título correto",
              "fullTitle": "1 - Adicione à página o título \"Paleta de Cores\". Verifica se contém um elemento `h1` com o id `title` com o título correto",
              "timedOut": null,
              "duration": 160,
              "state": "passed",
              "speed": "slow",
              "pass": true,
              "fail": false,
              "pending": false,
              "context": null,
              "code": "cy.get('h1#title').should('contain.text', 'Paleta de Cores');",
              "err": {},
              "uuid": "5a631113-7973-4549-b0fb-2c4065ef7ed3",
              "parentUUID": "8b2e25cf-603e-4632-afa0-422ceba91e86",
              "isHook": false,
              "skipped": false
            }
          ],
          "suites": [],
          "passes": [
            "5a631113-7973-4549-b0fb-2c4065ef7ed3"
          ],
          "failures": [],
          "pending": [],
          "skipped": [],
          "duration": 160,
          "root": false,
          "rootEmpty": false,
          "_timeout": 2000
        },
        {
          "uuid": "9ce5908c-a4b9-4a01-b591-8604a7271341",
          "title": "2 - Adicione à página uma paleta de quatro cores distintas.",
          "fullFile": "",
          "file": "",
          "beforeHooks": [],
          "afterHooks": [],
          "tests": [
            {
              "title": "A paleta de cores deve ser um elemento com `id` denominado `color-palette` e ter mais de 0px de altura e de largura.",
              "fullTitle": "2 - Adicione à página uma paleta de quatro cores distintas. A paleta de cores deve ser um elemento com `id` denominado `color-palette` e ter mais de 0px de altura e de largura.",
              "timedOut": null,
              "duration": 95,
              "state": "passed",
              "speed": "slow",
              "pass": true,
              "fail": false,
              "pending": false,
              "context": null,
              "code": "cy.get('#color-palette').should('be.visible');\ncy.get('#color-palette').children('.color');",
              "err": {},
              "uuid": "0f7fde5a-d44d-4823-b4b2-298c8f91ffee",
              "parentUUID": "9ce5908c-a4b9-4a01-b591-8604a7271341",
              "isHook": false,
              "skipped": false
            },
            {
              "title": "Verifica se cada cor individual da paleta de cores possui a `classe` chamada `color`.",
              "fullTitle": "2 - Adicione à página uma paleta de quatro cores distintas. Verifica se cada cor individual da paleta de cores possui a `classe` chamada `color`.",
              "timedOut": null,
              "duration": 141,
              "state": "passed",
              "speed": "slow",
              "pass": true,
              "fail": false,
              "pending": false,
              "context": null,
              "code": "cy.get('.color').should('have.length', 4).then(function (colors) {\n  for (var i = 0; i < colors.length; i++) {\n    cy.wrap(colors[i]).should('be.visible');\n  }\n});",
              "err": {},
              "uuid": "430bc28f-5eb6-4172-9194-c89671fdfad6",
              "parentUUID": "9ce5908c-a4b9-4a01-b591-8604a7271341",
              "isHook": false,
              "skipped": false
            },
            {
              "title": "Verifica se a cor de fundo de cada elemento da paleta é a cor que o elemento representa. **A única cor não permitida na paleta é a cor branca.**",
              "fullTitle": "2 - Adicione à página uma paleta de quatro cores distintas. Verifica se a cor de fundo de cada elemento da paleta é a cor que o elemento representa. **A única cor não permitida na paleta é a cor branca.**",
              "timedOut": null,
              "duration": 118,
              "state": "passed",
              "speed": "slow",
              "pass": true,
              "fail": false,
              "pending": false,
              "context": null,
              "code": "cy.get('.color').each(function (color) {\n  cy.wrap(color).should('have.class', 'color').and('not.have.css', 'background-color', WHITE);\n  cy.wrap(color).should('have.css', 'background-color');\n});",
              "err": {},
              "uuid": "93bdd390-9064-40d4-a306-25cb4c30e2e7",
              "parentUUID": "9ce5908c-a4b9-4a01-b591-8604a7271341",
              "isHook": false,
              "skipped": false
            },
            {
              "title": "Verifica se cada elemento da paleta de cores tem uma borda preta, sólida e com 1 pixel de largura;",
              "fullTitle": "2 - Adicione à página uma paleta de quatro cores distintas. Verifica se cada elemento da paleta de cores tem uma borda preta, sólida e com 1 pixel de largura;",
              "timedOut": null,
              "duration": 147,
              "state": "passed",
              "speed": "slow",
              "pass": true,
              "fail": false,
              "pending": false,
              "context": null,
              "code": "cy.get('.color').each(function (color) {\n  cy.wrap(color).and('have.css', 'border', \"1px solid \".concat(BLACK)).and('have.class', 'color');\n});",
              "err": {},
              "uuid": "3be91410-6018-4271-a53d-5b9f727b5443",
              "parentUUID": "9ce5908c-a4b9-4a01-b591-8604a7271341",
              "isHook": false,
              "skipped": false
            },
            {
              "title": "Verifica se a paleta lista todas as cores disponíveis para utilização, lado a lado.",
              "fullTitle": "2 - Adicione à página uma paleta de quatro cores distintas. Verifica se a paleta lista todas as cores disponíveis para utilização, lado a lado.",
              "timedOut": null,
              "duration": 126,
              "state": "passed",
              "speed": "slow",
              "pass": true,
              "fail": false,
              "pending": false,
              "context": null,
              "code": "cy.get('.color').then(function (colors) {\n  for (var index = 1; index < colors.length; index += 1) {\n    var currentColor = colors[index];\n    var previousColor = colors[index - 1];\n    cy.wrap(currentColor).should('be.onTheRightOf', previousColor).and('be.horizontallyAlignedWith', previousColor);\n  }\n});",
              "err": {},
              "uuid": "48713041-a783-4503-b87f-40f21ce012c5",
              "parentUUID": "9ce5908c-a4b9-4a01-b591-8604a7271341",
              "isHook": false,
              "skipped": false
            },
            {
              "title": "Verifica se a paleta de cores está posicionada abaixo do título 'Paleta de Cores'",
              "fullTitle": "2 - Adicione à página uma paleta de quatro cores distintas. Verifica se a paleta de cores está posicionada abaixo do título 'Paleta de Cores'",
              "timedOut": null,
              "duration": 112,
              "state": "passed",
              "speed": "slow",
              "pass": true,
              "fail": false,
              "pending": false,
              "context": null,
              "code": "cy.get('h1#title').then(function (title) {\n  cy.get('#color-palette').should('be.belowOf', title);\n});",
              "err": {},
              "uuid": "3ecdd88a-3c60-405c-a01f-215eabfd64dd",
              "parentUUID": "9ce5908c-a4b9-4a01-b591-8604a7271341",
              "isHook": false,
              "skipped": false
            },
            {
              "title": "Verifica se a paleta de cores não contém cores repetidas.",
              "fullTitle": "2 - Adicione à página uma paleta de quatro cores distintas. Verifica se a paleta de cores não contém cores repetidas.",
              "timedOut": null,
              "duration": 82,
              "state": "passed",
              "speed": "slow",
              "pass": true,
              "fail": false,
              "pending": false,
              "context": null,
              "code": "cy.get('.color').then(function (colors) {\n  var allColors = Array.from(colors).map(function (color) {\n    return Cypress.$(color).css('background-color');\n  });\n  cy.log(allColors);\n  var uniqColors = (0, _toConsumableArray2[\"default\"])(new Set(allColors));\n  cy.log(uniqColors);\n  expect(allColors.length).to.eq(uniqColors.length);\n});",
              "err": {},
              "uuid": "be5ac80e-0b07-4bc1-8c2b-7e2503f8a2c3",
              "parentUUID": "9ce5908c-a4b9-4a01-b591-8604a7271341",
              "isHook": false,
              "skipped": false
            }
          ],
          "suites": [],
          "passes": [
            "0f7fde5a-d44d-4823-b4b2-298c8f91ffee",
            "430bc28f-5eb6-4172-9194-c89671fdfad6",
            "93bdd390-9064-40d4-a306-25cb4c30e2e7",
            "3be91410-6018-4271-a53d-5b9f727b5443",
            "48713041-a783-4503-b87f-40f21ce012c5",
            "3ecdd88a-3c60-405c-a01f-215eabfd64dd",
            "be5ac80e-0b07-4bc1-8c2b-7e2503f8a2c3"
          ],
          "failures": [],
          "pending": [],
          "skipped": [],
          "duration": 821,
          "root": false,
          "rootEmpty": false,
          "_timeout": 2000
        },
        {
          "uuid": "a8644a43-cc9f-42a0-bc14-7f6a67051dcb",
          "title": "3 - Adicione a cor **preta** como a primeira cor da paleta de cores.",
          "fullFile": "",
          "file": "",
          "beforeHooks": [],
          "afterHooks": [],
          "tests": [
            {
              "title": "Verifica se a primeira cor da paleta é preta",
              "fullTitle": "3 - Adicione a cor **preta** como a primeira cor da paleta de cores. Verifica se a primeira cor da paleta é preta",
              "timedOut": null,
              "duration": 95,
              "state": "passed",
              "speed": "slow",
              "pass": true,
              "fail": false,
              "pending": false,
              "context": null,
              "code": "cy.get('.color').first().should('have.css', 'background-color', BLACK);",
              "err": {},
              "uuid": "9b8e2aeb-54e3-4702-bc1a-0832ce49a2dd",
              "parentUUID": "a8644a43-cc9f-42a0-bc14-7f6a67051dcb",
              "isHook": false,
              "skipped": false
            },
            {
              "title": "Verifica se as demais cores podem ser escolhidas livremente.",
              "fullTitle": "3 - Adicione a cor **preta** como a primeira cor da paleta de cores. Verifica se as demais cores podem ser escolhidas livremente.",
              "timedOut": null,
              "duration": 176,
              "state": "passed",
              "speed": "slow",
              "pass": true,
              "fail": false,
              "pending": false,
              "context": null,
              "code": "cy.get('.color').eq(1).should('not.have.css', 'background-color', BLACK);\ncy.get('.color').eq(1).should('not.have.css', 'background-color', WHITE);\ncy.get('.color').eq(1).should('not.have.css', 'background-color', 'rgba(0, 0, 0, 0)');\ncy.get('.color').eq(1).should('have.css', 'background-color');\ncy.get('.color').eq(2).should('not.have.css', 'background-color', BLACK);\ncy.get('.color').eq(2).should('not.have.css', 'background-color', WHITE);\ncy.get('.color').eq(2).should('not.have.css', 'background-color', 'rgba(0, 0, 0, 0)');\ncy.get('.color').eq(2).should('have.css', 'background-color');\ncy.get('.color').eq(3).should('not.have.css', 'background-color', BLACK);\ncy.get('.color').eq(3).should('not.have.css', 'background-color', WHITE);\ncy.get('.color').eq(3).should('not.have.css', 'background-color', 'rgba(0, 0, 0, 0)');\ncy.get('.color').eq(3).should('have.css', 'background-color');",
              "err": {},
              "uuid": "93bf8f88-47ea-4862-a127-fa964535bf55",
              "parentUUID": "a8644a43-cc9f-42a0-bc14-7f6a67051dcb",
              "isHook": false,
              "skipped": false
            }
          ],
          "suites": [],
          "passes": [
            "9b8e2aeb-54e3-4702-bc1a-0832ce49a2dd",
            "93bf8f88-47ea-4862-a127-fa964535bf55"
          ],
          "failures": [],
          "pending": [],
          "skipped": [],
          "duration": 271,
          "root": false,
          "rootEmpty": false,
          "_timeout": 2000
        },
        {
          "uuid": "1b9ca403-13b1-4bc0-bde5-303e1d3ab0a4",
          "title": "4 - Adicione à página um quadro de pixels, com 25 pixels.",
          "fullFile": "",
          "file": "",
          "beforeHooks": [],
          "afterHooks": [],
          "tests": [
            {
              "title": "Verifica se o quadro de pixels possui o `id` denominado `pixel-board`",
              "fullTitle": "4 - Adicione à página um quadro de pixels, com 25 pixels. Verifica se o quadro de pixels possui o `id` denominado `pixel-board`",
              "timedOut": null,
              "duration": 72,
              "state": "passed",
              "speed": "medium",
              "pass": true,
              "fail": false,
              "pending": false,
              "context": null,
              "code": "cy.get('#pixel-board').should('be.visible');",
              "err": {},
              "uuid": "f9da3496-648b-4d79-86b3-41adcbcc961c",
              "parentUUID": "1b9ca403-13b1-4bc0-bde5-303e1d3ab0a4",
              "isHook": false,
              "skipped": false
            },
            {
              "title": "Verifica se cada pixel individual dentro do quadro possui a `classe` denominada `pixel`.",
              "fullTitle": "4 - Adicione à página um quadro de pixels, com 25 pixels. Verifica se cada pixel individual dentro do quadro possui a `classe` denominada `pixel`.",
              "timedOut": null,
              "duration": 125,
              "state": "passed",
              "speed": "slow",
              "pass": true,
              "fail": false,
              "pending": false,
              "context": null,
              "code": "cy.get('.pixel').should('have.length', 25);",
              "err": {},
              "uuid": "23f90254-5189-45f0-8fd5-ada4e78b0af5",
              "parentUUID": "1b9ca403-13b1-4bc0-bde5-303e1d3ab0a4",
              "isHook": false,
              "skipped": false
            },
            {
              "title": "Verifica se a cor inicial dos pixels dentro do quadro, ao abrir a página, é branca.",
              "fullTitle": "4 - Adicione à página um quadro de pixels, com 25 pixels. Verifica se a cor inicial dos pixels dentro do quadro, ao abrir a página, é branca.",
              "timedOut": null,
              "duration": 135,
              "state": "passed",
              "speed": "slow",
              "pass": true,
              "fail": false,
              "pending": false,
              "context": null,
              "code": "cy.get('.pixel').should('have.length', 25).each(function (pixel) {\n  expect(pixel).to.have.css('background-color', WHITE);\n});",
              "err": {},
              "uuid": "ba309736-22ad-4be5-8d85-3aa20cd1621e",
              "parentUUID": "1b9ca403-13b1-4bc0-bde5-303e1d3ab0a4",
              "isHook": false,
              "skipped": false
            },
            {
              "title": "Verifica se o quadro de pixels aparece abaixo da paleta de cores",
              "fullTitle": "4 - Adicione à página um quadro de pixels, com 25 pixels. Verifica se o quadro de pixels aparece abaixo da paleta de cores",
              "timedOut": null,
              "duration": 71,
              "state": "passed",
              "speed": "medium",
              "pass": true,
              "fail": false,
              "pending": false,
              "context": null,
              "code": "cy.get('#color-palette').then(function (palette) {\n  cy.get('#pixel-board').should('be.belowOf', palette);\n});",
              "err": {},
              "uuid": "b0a1df25-bb5a-470d-a78f-ef7e5867ebf7",
              "parentUUID": "1b9ca403-13b1-4bc0-bde5-303e1d3ab0a4",
              "isHook": false,
              "skipped": false
            }
          ],
          "suites": [],
          "passes": [
            "f9da3496-648b-4d79-86b3-41adcbcc961c",
            "23f90254-5189-45f0-8fd5-ada4e78b0af5",
            "ba309736-22ad-4be5-8d85-3aa20cd1621e",
            "b0a1df25-bb5a-470d-a78f-ef7e5867ebf7"
          ],
          "failures": [],
          "pending": [],
          "skipped": [],
          "duration": 403,
          "root": false,
          "rootEmpty": false,
          "_timeout": 2000
        },
        {
          "uuid": "dde9c829-8192-41ab-906c-83655fe71b35",
          "title": "5 - Faça com que cada elemento do quadro de pixels possua 40 pixels de largura, 40 pixels de altura e seja delimitado por uma borda preta de 1 pixel.",
          "fullFile": "",
          "file": "",
          "beforeHooks": [],
          "afterHooks": [],
          "tests": [
            {
              "title": "Verifica se o quadro de pixels tem altura e comprimento de 5 elementos",
              "fullTitle": "5 - Faça com que cada elemento do quadro de pixels possua 40 pixels de largura, 40 pixels de altura e seja delimitado por uma borda preta de 1 pixel. Verifica se o quadro de pixels tem altura e comprimento de 5 elementos",
              "timedOut": null,
              "duration": 278,
              "state": "passed",
              "speed": "slow",
              "pass": true,
              "fail": false,
              "pending": false,
              "context": null,
              "code": "cy.get('.pixel').should('have.length', 25).each(function (pixel) {\n  expect(pixel).to.have.css('background-color', WHITE);\n}).and(function (pixels) {\n  var rows = chunk(pixels, 5);\n  rows.forEach(function (row) {\n    for (var index = 1; index < row.length; index += 1) {\n      var current = pixels[index];\n      var previous = pixels[index - 1];\n      cy.wrap(current).should('be.onTheRightOf', previous).and('be.horizontallyAlignedWith', previous);\n    }\n  });\n  for (var index = 1; index < 5; index += 1) {\n    expect(pixels[index * 5]).to.be.belowOf(pixels[(index - 1) * 5]);\n  }\n});",
              "err": {},
              "uuid": "884634b9-fe43-4716-8215-09ae1de6b22d",
              "parentUUID": "dde9c829-8192-41ab-906c-83655fe71b35",
              "isHook": false,
              "skipped": false
            },
            {
              "title": "Verifica se 40 pixels é o tamanho total do elemento, incluindo seu conteúdo e excluindo a borda preta, que deve ser criada à parte.",
              "fullTitle": "5 - Faça com que cada elemento do quadro de pixels possua 40 pixels de largura, 40 pixels de altura e seja delimitado por uma borda preta de 1 pixel. Verifica se 40 pixels é o tamanho total do elemento, incluindo seu conteúdo e excluindo a borda preta, que deve ser criada à parte.",
              "timedOut": null,
              "duration": 212,
              "state": "passed",
              "speed": "slow",
              "pass": true,
              "fail": false,
              "pending": false,
              "context": null,
              "code": "cy.get('.pixel').each(function (pixel) {\n  cy.wrap(pixel).should('have.css', 'height', '40px').and('have.css', 'width', '40px').and('have.css', 'border', \"1px solid \".concat(BLACK));\n});",
              "err": {},
              "uuid": "58669492-8176-4612-9c1b-3411f4bac596",
              "parentUUID": "dde9c829-8192-41ab-906c-83655fe71b35",
              "isHook": false,
              "skipped": false
            }
          ],
          "suites": [],
          "passes": [
            "884634b9-fe43-4716-8215-09ae1de6b22d",
            "58669492-8176-4612-9c1b-3411f4bac596"
          ],
          "failures": [],
          "pending": [],
          "skipped": [],
          "duration": 490,
          "root": false,
          "rootEmpty": false,
          "_timeout": 2000
        },
        {
          "uuid": "72d4cd9b-356f-433a-b71e-483c4fd2781f",
          "title": "6 - Defina a cor preta como cor inicial. Ao carregar a página a cor preta já deve estar selecionada para pintar os pixels",
          "fullFile": "",
          "file": "",
          "beforeHooks": [],
          "afterHooks": [],
          "tests": [
            {
              "title": "Verifica se o elemento da cor preta possui, inicialmente, a `classe` `selected`",
              "fullTitle": "6 - Defina a cor preta como cor inicial. Ao carregar a página a cor preta já deve estar selecionada para pintar os pixels Verifica se o elemento da cor preta possui, inicialmente, a `classe` `selected`",
              "timedOut": null,
              "duration": 85,
              "state": "passed",
              "speed": "slow",
              "pass": true,
              "fail": false,
              "pending": false,
              "context": null,
              "code": "cy.get('.selected').first().should('have.css', 'background-color', BLACK);",
              "err": {},
              "uuid": "0cad8bf1-9f11-49ec-b751-6fa696cb8a25",
              "parentUUID": "72d4cd9b-356f-433a-b71e-483c4fd2781f",
              "isHook": false,
              "skipped": false
            },
            {
              "title": "Verifica se nenhuma outra cor da paleta tem a `classe` `selected`",
              "fullTitle": "6 - Defina a cor preta como cor inicial. Ao carregar a página a cor preta já deve estar selecionada para pintar os pixels Verifica se nenhuma outra cor da paleta tem a `classe` `selected`",
              "timedOut": null,
              "duration": 92,
              "state": "passed",
              "speed": "slow",
              "pass": true,
              "fail": false,
              "pending": false,
              "context": null,
              "code": "cy.get('.color:not(:first-child)').each(function (color) {\n  cy.wrap(color).should('not.have.class', 'selected');\n});",
              "err": {},
              "uuid": "ad13b59d-8e35-4ab9-bc60-d1c3cc4295ff",
              "parentUUID": "72d4cd9b-356f-433a-b71e-483c4fd2781f",
              "isHook": false,
              "skipped": false
            }
          ],
          "suites": [],
          "passes": [
            "0cad8bf1-9f11-49ec-b751-6fa696cb8a25",
            "ad13b59d-8e35-4ab9-bc60-d1c3cc4295ff"
          ],
          "failures": [],
          "pending": [],
          "skipped": [],
          "duration": 177,
          "root": false,
          "rootEmpty": false,
          "_timeout": 2000
        },
        {
          "uuid": "e0bb5b2d-e436-4e36-85e0-c97b880b27bd",
          "title": "7 - Clicar em uma das cores da paleta, faz com que ela seja selecionada e utilizada para preencher os pixels no quadro.",
          "fullFile": "",
          "file": "",
          "beforeHooks": [],
          "afterHooks": [],
          "tests": [
            {
              "title": "Verifica se somente uma cor da paleta de cores tem a classe `selected` de cada vez",
              "fullTitle": "7 - Clicar em uma das cores da paleta, faz com que ela seja selecionada e utilizada para preencher os pixels no quadro. Verifica se somente uma cor da paleta de cores tem a classe `selected` de cada vez",
              "timedOut": null,
              "duration": 505,
              "state": "passed",
              "speed": "slow",
              "pass": true,
              "fail": false,
              "pending": false,
              "context": null,
              "code": "cy.get('.color').each(function (selectedColor, selectedColorIndex) {\n  cy.wrap(selectedColor).click();\n  cy.get('.color').each(function (color, colorIndex) {\n    if (colorIndex === selectedColorIndex) {\n      expect(color).to.have[\"class\"]('selected');\n    } else {\n      expect(color).not.to.have[\"class\"]('selected');\n    }\n  });\n});",
              "err": {},
              "uuid": "23ac9f2b-215a-4a53-8e90-a01ddf1122ed",
              "parentUUID": "e0bb5b2d-e436-4e36-85e0-c97b880b27bd",
              "isHook": false,
              "skipped": false
            },
            {
              "title": "Verifica se os pixels dentro do quadro não têm a classe `selected` quando são clicados",
              "fullTitle": "7 - Clicar em uma das cores da paleta, faz com que ela seja selecionada e utilizada para preencher os pixels no quadro. Verifica se os pixels dentro do quadro não têm a classe `selected` quando são clicados",
              "timedOut": null,
              "duration": 8812,
              "state": "passed",
              "speed": "slow",
              "pass": true,
              "fail": false,
              "pending": false,
              "context": null,
              "code": "cy.get('.color').each(function (color) {\n  var backgroundColor = color.css('background-color');\n  cy.wrap(color).click();\n  cy.get('.pixel').each(function (pixel) {\n    cy.wrap(pixel).click().should('not.have.class', 'selected');\n  });\n});",
              "err": {},
              "uuid": "9c15269d-a8e4-4d87-bef8-7ffb7d9f2c83",
              "parentUUID": "e0bb5b2d-e436-4e36-85e0-c97b880b27bd",
              "isHook": false,
              "skipped": false
            }
          ],
          "suites": [],
          "passes": [
            "23ac9f2b-215a-4a53-8e90-a01ddf1122ed",
            "9c15269d-a8e4-4d87-bef8-7ffb7d9f2c83"
          ],
          "failures": [],
          "pending": [],
          "skipped": [],
          "duration": 9317,
          "root": false,
          "rootEmpty": false,
          "_timeout": 2000
        },
        {
          "uuid": "2a886223-3583-403f-8a41-ff9b9471665b",
          "title": "8 - Clicar em um pixel dentro do quadro após selecionar uma cor na paleta, faz com que o pixel seja preenchido com a cor selecionada.",
          "fullFile": "",
          "file": "",
          "beforeHooks": [],
          "afterHooks": [],
          "tests": [
            {
              "title": "Verifica se ao carregar a página deve ser possível pintar os pixels de preto",
              "fullTitle": "8 - Clicar em um pixel dentro do quadro após selecionar uma cor na paleta, faz com que o pixel seja preenchido com a cor selecionada. Verifica se ao carregar a página deve ser possível pintar os pixels de preto",
              "timedOut": null,
              "duration": 2242,
              "state": "passed",
              "speed": "slow",
              "pass": true,
              "fail": false,
              "pending": false,
              "context": null,
              "code": "cy.get('.pixel').each(function (pixel) {\n  cy.wrap(pixel).click().should('have.css', 'background-color', BLACK);\n});",
              "err": {},
              "uuid": "798f5622-ae8d-4d60-83d7-296a7e430046",
              "parentUUID": "2a886223-3583-403f-8a41-ff9b9471665b",
              "isHook": false,
              "skipped": false
            },
            {
              "title": "Verifica se após selecionar uma outra cor na paleta, é possível pintar os pixels com essa cor",
              "fullTitle": "8 - Clicar em um pixel dentro do quadro após selecionar uma cor na paleta, faz com que o pixel seja preenchido com a cor selecionada. Verifica se após selecionar uma outra cor na paleta, é possível pintar os pixels com essa cor",
              "timedOut": null,
              "duration": 8802,
              "state": "passed",
              "speed": "slow",
              "pass": true,
              "fail": false,
              "pending": false,
              "context": null,
              "code": "cy.get('.color').each(function (color) {\n  var backgroundColor = color.css('background-color');\n  cy.wrap(color).click();\n  cy.get('.pixel').each(function (pixel) {\n    cy.wrap(pixel).click().should('have.css', 'background-color', backgroundColor);\n  });\n});",
              "err": {},
              "uuid": "730da081-1a1c-4ea3-bf2c-c60dca5d32ae",
              "parentUUID": "2a886223-3583-403f-8a41-ff9b9471665b",
              "isHook": false,
              "skipped": false
            },
            {
              "title": "Verifica se somente o pixel que foi clicado foi preenchido com a cor selecionada, sem influenciar na cor dos demais pixels.",
              "fullTitle": "8 - Clicar em um pixel dentro do quadro após selecionar uma cor na paleta, faz com que o pixel seja preenchido com a cor selecionada. Verifica se somente o pixel que foi clicado foi preenchido com a cor selecionada, sem influenciar na cor dos demais pixels.",
              "timedOut": null,
              "duration": 1215,
              "state": "passed",
              "speed": "slow",
              "pass": true,
              "fail": false,
              "pending": false,
              "context": null,
              "code": "var colorToPixelIndexMap = {\n  0: 6,\n  1: 8,\n  2: 16,\n  3: 18\n};\ncy.get('.color').each(function (color, index) {\n  cy.wrap(color).click();\n  var backgroundColor = color.css('background-color');\n  var clickedPixelIndex = colorToPixelIndexMap[index];\n  cy.get('.pixel').eq(clickedPixelIndex).click();\n  cy.get('.pixel').eq(clickedPixelIndex - 1).should('not.have.css', 'background-color', backgroundColor);\n  cy.get('.pixel').eq(clickedPixelIndex + 1).should('not.have.css', 'background-color', backgroundColor);\n  cy.get('.pixel').eq(clickedPixelIndex - 5).should('not.have.css', 'background-color', backgroundColor);\n  cy.get('.pixel').eq(clickedPixelIndex + 5).should('not.have.css', 'background-color', backgroundColor);\n  cy.get('.pixel').eq(clickedPixelIndex - 6).should('not.have.css', 'background-color', backgroundColor);\n  cy.get('.pixel').eq(clickedPixelIndex - 4).should('not.have.css', 'background-color', backgroundColor);\n  cy.get('.pixel').eq(clickedPixelIndex + 4).should('not.have.css', 'background-color', backgroundColor);\n  cy.get('.pixel').eq(clickedPixelIndex + 6).should('not.have.css', 'background-color', backgroundColor);\n});",
              "err": {},
              "uuid": "e2a13da1-cf25-481f-9f56-78b1a20895d3",
              "parentUUID": "2a886223-3583-403f-8a41-ff9b9471665b",
              "isHook": false,
              "skipped": false
            }
          ],
          "suites": [],
          "passes": [
            "798f5622-ae8d-4d60-83d7-296a7e430046",
            "730da081-1a1c-4ea3-bf2c-c60dca5d32ae",
            "e2a13da1-cf25-481f-9f56-78b1a20895d3"
          ],
          "failures": [],
          "pending": [],
          "skipped": [],
          "duration": 12259,
          "root": false,
          "rootEmpty": false,
          "_timeout": 2000
        },
        {
          "uuid": "b658de0f-2a06-4937-8f3e-7ef01c48a565",
          "title": "9 - Crie um botão que, ao ser clicado, limpa o quadro preenchendo a cor de todos seus pixels com branco.",
          "fullFile": "",
          "file": "",
          "beforeHooks": [],
          "afterHooks": [],
          "tests": [
            {
              "title": "Verifica se o botão tem o `id` denominado `clear-board`",
              "fullTitle": "9 - Crie um botão que, ao ser clicado, limpa o quadro preenchendo a cor de todos seus pixels com branco. Verifica se o botão tem o `id` denominado `clear-board`",
              "timedOut": null,
              "duration": 4274,
              "state": "failed",
              "speed": null,
              "pass": false,
              "fail": true,
              "pending": false,
              "context": null,
              "code": "cy.get('#clear-board').should('be.visible');",
              "err": {
                "message": "CypressError: Timed out retrying: Expected to find element: '#clear-board', but never found it.",
                "estack": "CypressError: Timed out retrying: Expected to find element: '#clear-board', but never found it.\n    at cypressErr (http://localhost:36021/__cypress/runner/cypress_runner.js:149934:9)\n    at throwErr (http://localhost:36021/__cypress/runner/cypress_runner.js:149867:11)\n    at Object.throwErrByPath (http://localhost:36021/__cypress/runner/cypress_runner.js:149915:3)\n    at retry (http://localhost:36021/__cypress/runner/cypress_runner.js:144197:19)\n    at onFailFn (http://localhost:36021/__cypress/runner/cypress_runner.js:132448:16)\n    at tryCatcher (http://localhost:36021/__cypress/runner/cypress_runner.js:167415:23)\n    at Promise._settlePromiseFromHandler (http://localhost:36021/__cypress/runner/cypress_runner.js:165351:31)\n    at Promise._settlePromise (http://localhost:36021/__cypress/runner/cypress_runner.js:165408:18)\n    at Promise._settlePromise0 (http://localhost:36021/__cypress/runner/cypress_runner.js:165453:10)\n    at Promise._settlePromises (http://localhost:36021/__cypress/runner/cypress_runner.js:165528:18)\n    at Async../node_modules/bluebird/js/release/async.js.Async._drainQueue (http://localhost:36021/__cypress/runner/cypress_runner.js:162140:16)\n    at Async../node_modules/bluebird/js/release/async.js.Async._drainQueues (http://localhost:36021/__cypress/runner/cypress_runner.js:162150:10)\n    at Async.drainQueues (http://localhost:36021/__cypress/runner/cypress_runner.js:162024:14)",
                "diff": null
              },
              "uuid": "800e08cc-ffb5-43be-9de1-c9adea17fd79",
              "parentUUID": "b658de0f-2a06-4937-8f3e-7ef01c48a565",
              "isHook": false,
              "skipped": false
            },
            {
              "title": "Verifica se o botão está posicionado entre a paleta de cores e o quadro de pixels",
              "fullTitle": "9 - Crie um botão que, ao ser clicado, limpa o quadro preenchendo a cor de todos seus pixels com branco. Verifica se o botão está posicionado entre a paleta de cores e o quadro de pixels",
              "timedOut": null,
              "duration": 4343,
              "state": "failed",
              "speed": null,
              "pass": false,
              "fail": true,
              "pending": false,
              "context": null,
              "code": "cy.get('#color-palette').then(function (palette) {\n  cy.get('#clear-board').should('be.belowOf', palette);\n});\ncy.get('#clear-board').then(function (clearBtn) {\n  cy.get('#pixel-board').should('be.belowOf', clearBtn);\n});",
              "err": {
                "message": "CypressError: Timed out retrying: Expected to find element: '#clear-board', but never found it.",
                "estack": "CypressError: Timed out retrying: Expected to find element: '#clear-board', but never found it.\n    at cypressErr (http://localhost:36021/__cypress/runner/cypress_runner.js:149934:9)\n    at throwErr (http://localhost:36021/__cypress/runner/cypress_runner.js:149867:11)\n    at Object.throwErrByPath (http://localhost:36021/__cypress/runner/cypress_runner.js:149915:3)\n    at retry (http://localhost:36021/__cypress/runner/cypress_runner.js:144197:19)\n    at onFailFn (http://localhost:36021/__cypress/runner/cypress_runner.js:132448:16)\n    at tryCatcher (http://localhost:36021/__cypress/runner/cypress_runner.js:167415:23)\n    at Promise._settlePromiseFromHandler (http://localhost:36021/__cypress/runner/cypress_runner.js:165351:31)\n    at Promise._settlePromise (http://localhost:36021/__cypress/runner/cypress_runner.js:165408:18)\n    at Promise._settlePromise0 (http://localhost:36021/__cypress/runner/cypress_runner.js:165453:10)\n    at Promise._settlePromises (http://localhost:36021/__cypress/runner/cypress_runner.js:165528:18)\n    at Async../node_modules/bluebird/js/release/async.js.Async._drainQueue (http://localhost:36021/__cypress/runner/cypress_runner.js:162140:16)\n    at Async../node_modules/bluebird/js/release/async.js.Async._drainQueues (http://localhost:36021/__cypress/runner/cypress_runner.js:162150:10)\n    at Async.drainQueues (http://localhost:36021/__cypress/runner/cypress_runner.js:162024:14)",
                "diff": null
              },
              "uuid": "c28985cf-4be1-46cd-b6a4-a01e9fcc0cee",
              "parentUUID": "b658de0f-2a06-4937-8f3e-7ef01c48a565",
              "isHook": false,
              "skipped": false
            },
            {
              "title": "Verifica se o texto do botão é 'Limpar'",
              "fullTitle": "9 - Crie um botão que, ao ser clicado, limpa o quadro preenchendo a cor de todos seus pixels com branco. Verifica se o texto do botão é 'Limpar'",
              "timedOut": null,
              "duration": 4259,
              "state": "failed",
              "speed": null,
              "pass": false,
              "fail": true,
              "pending": false,
              "context": null,
              "code": "cy.get('#clear-board').should('contain.text', 'Limpar');",
              "err": {
                "message": "CypressError: Timed out retrying: Expected to find element: '#clear-board', but never found it.",
                "estack": "CypressError: Timed out retrying: Expected to find element: '#clear-board', but never found it.\n    at cypressErr (http://localhost:36021/__cypress/runner/cypress_runner.js:149934:9)\n    at throwErr (http://localhost:36021/__cypress/runner/cypress_runner.js:149867:11)\n    at Object.throwErrByPath (http://localhost:36021/__cypress/runner/cypress_runner.js:149915:3)\n    at retry (http://localhost:36021/__cypress/runner/cypress_runner.js:144197:19)\n    at onFailFn (http://localhost:36021/__cypress/runner/cypress_runner.js:132448:16)\n    at tryCatcher (http://localhost:36021/__cypress/runner/cypress_runner.js:167415:23)\n    at Promise._settlePromiseFromHandler (http://localhost:36021/__cypress/runner/cypress_runner.js:165351:31)\n    at Promise._settlePromise (http://localhost:36021/__cypress/runner/cypress_runner.js:165408:18)\n    at Promise._settlePromise0 (http://localhost:36021/__cypress/runner/cypress_runner.js:165453:10)\n    at Promise._settlePromises (http://localhost:36021/__cypress/runner/cypress_runner.js:165528:18)\n    at Async../node_modules/bluebird/js/release/async.js.Async._drainQueue (http://localhost:36021/__cypress/runner/cypress_runner.js:162140:16)\n    at Async../node_modules/bluebird/js/release/async.js.Async._drainQueues (http://localhost:36021/__cypress/runner/cypress_runner.js:162150:10)\n    at Async.drainQueues (http://localhost:36021/__cypress/runner/cypress_runner.js:162024:14)",
                "diff": null
              },
              "uuid": "b7284e35-d592-4df0-8aa1-468d6e4c1125",
              "parentUUID": "b658de0f-2a06-4937-8f3e-7ef01c48a565",
              "isHook": false,
              "skipped": false
            },
            {
              "title": "Verifica se ao clicar no botão, o quadro de pixels é totalmente preenchido de branco",
              "fullTitle": "9 - Crie um botão que, ao ser clicado, limpa o quadro preenchendo a cor de todos seus pixels com branco. Verifica se ao clicar no botão, o quadro de pixels é totalmente preenchido de branco",
              "timedOut": null,
              "duration": 6472,
              "state": "failed",
              "speed": null,
              "pass": false,
              "fail": true,
              "pending": false,
              "context": null,
              "code": "cy.get('.color').eq(1).then(function (color) {\n  var backgroundColor = color.css('background-color');\n  cy.wrap(color).click();\n  cy.get('.pixel').each(function (pixel) {\n    cy.wrap(pixel).click().should('have.css', 'background-color', backgroundColor);\n  });\n});\ncy.get('#clear-board').click();\ncy.get('.pixel').each(function (pixel) {\n  cy.wrap(pixel).should('have.css', 'background-color', WHITE);\n});",
              "err": {
                "message": "CypressError: Timed out retrying: Expected to find element: '#clear-board', but never found it.",
                "estack": "CypressError: Timed out retrying: Expected to find element: '#clear-board', but never found it.\n    at cypressErr (http://localhost:36021/__cypress/runner/cypress_runner.js:149934:9)\n    at throwErr (http://localhost:36021/__cypress/runner/cypress_runner.js:149867:11)\n    at Object.throwErrByPath (http://localhost:36021/__cypress/runner/cypress_runner.js:149915:3)\n    at retry (http://localhost:36021/__cypress/runner/cypress_runner.js:144197:19)\n    at onFailFn (http://localhost:36021/__cypress/runner/cypress_runner.js:132448:16)\n    at tryCatcher (http://localhost:36021/__cypress/runner/cypress_runner.js:167415:23)\n    at Promise._settlePromiseFromHandler (http://localhost:36021/__cypress/runner/cypress_runner.js:165351:31)\n    at Promise._settlePromise (http://localhost:36021/__cypress/runner/cypress_runner.js:165408:18)\n    at Promise._settlePromise0 (http://localhost:36021/__cypress/runner/cypress_runner.js:165453:10)\n    at Promise._settlePromises (http://localhost:36021/__cypress/runner/cypress_runner.js:165528:18)\n    at Async../node_modules/bluebird/js/release/async.js.Async._drainQueue (http://localhost:36021/__cypress/runner/cypress_runner.js:162140:16)\n    at Async../node_modules/bluebird/js/release/async.js.Async._drainQueues (http://localhost:36021/__cypress/runner/cypress_runner.js:162150:10)\n    at Async.drainQueues (http://localhost:36021/__cypress/runner/cypress_runner.js:162024:14)",
                "diff": null
              },
              "uuid": "dfa7a800-2d11-4817-985c-86bc31bd0a0a",
              "parentUUID": "b658de0f-2a06-4937-8f3e-7ef01c48a565",
              "isHook": false,
              "skipped": false
            }
          ],
          "suites": [],
          "passes": [],
          "failures": [
            "800e08cc-ffb5-43be-9de1-c9adea17fd79",
            "c28985cf-4be1-46cd-b6a4-a01e9fcc0cee",
            "b7284e35-d592-4df0-8aa1-468d6e4c1125",
            "dfa7a800-2d11-4817-985c-86bc31bd0a0a"
          ],
          "pending": [],
          "skipped": [],
          "duration": 19348,
          "root": false,
          "rootEmpty": false,
          "_timeout": 2000
        },
        {
          "uuid": "18149cf1-0bb9-4cf4-b675-d89ca9492d15",
          "title": "10 - Faça o quadro de pixels ter seu tamanho definido pelo usuário.",
          "fullFile": "",
          "file": "",
          "beforeHooks": [],
          "afterHooks": [],
          "tests": [
            {
              "title": "Verifica se existe um input com o id `board-size`",
              "fullTitle": "10 - Faça o quadro de pixels ter seu tamanho definido pelo usuário. Verifica se existe um input com o id `board-size`",
              "timedOut": null,
              "duration": 4309,
              "state": "failed",
              "speed": null,
              "pass": false,
              "fail": true,
              "pending": false,
              "context": null,
              "code": "cy.get('#board-size').should('be.visible');",
              "err": {
                "message": "CypressError: Timed out retrying: Expected to find element: '#board-size', but never found it.",
                "estack": "CypressError: Timed out retrying: Expected to find element: '#board-size', but never found it.\n    at cypressErr (http://localhost:36021/__cypress/runner/cypress_runner.js:149934:9)\n    at throwErr (http://localhost:36021/__cypress/runner/cypress_runner.js:149867:11)\n    at Object.throwErrByPath (http://localhost:36021/__cypress/runner/cypress_runner.js:149915:3)\n    at retry (http://localhost:36021/__cypress/runner/cypress_runner.js:144197:19)\n    at onFailFn (http://localhost:36021/__cypress/runner/cypress_runner.js:132448:16)\n    at tryCatcher (http://localhost:36021/__cypress/runner/cypress_runner.js:167415:23)\n    at Promise._settlePromiseFromHandler (http://localhost:36021/__cypress/runner/cypress_runner.js:165351:31)\n    at Promise._settlePromise (http://localhost:36021/__cypress/runner/cypress_runner.js:165408:18)\n    at Promise._settlePromise0 (http://localhost:36021/__cypress/runner/cypress_runner.js:165453:10)\n    at Promise._settlePromises (http://localhost:36021/__cypress/runner/cypress_runner.js:165528:18)\n    at Async../node_modules/bluebird/js/release/async.js.Async._drainQueue (http://localhost:36021/__cypress/runner/cypress_runner.js:162140:16)\n    at Async../node_modules/bluebird/js/release/async.js.Async._drainQueues (http://localhost:36021/__cypress/runner/cypress_runner.js:162150:10)\n    at Async.drainQueues (http://localhost:36021/__cypress/runner/cypress_runner.js:162024:14)",
                "diff": null
              },
              "uuid": "edbb7f86-1f55-4b59-9a4e-d912d3f6a31c",
              "parentUUID": "18149cf1-0bb9-4cf4-b675-d89ca9492d15",
              "isHook": false,
              "skipped": false
            },
            {
              "title": "Verifica se existe um botão com o id `generate-board`",
              "fullTitle": "10 - Faça o quadro de pixels ter seu tamanho definido pelo usuário. Verifica se existe um botão com o id `generate-board`",
              "timedOut": null,
              "duration": 4297,
              "state": "failed",
              "speed": null,
              "pass": false,
              "fail": true,
              "pending": false,
              "context": null,
              "code": "cy.get('#generate-board').should('be.visible');",
              "err": {
                "message": "CypressError: Timed out retrying: Expected to find element: '#generate-board', but never found it.",
                "estack": "CypressError: Timed out retrying: Expected to find element: '#generate-board', but never found it.\n    at cypressErr (http://localhost:36021/__cypress/runner/cypress_runner.js:149934:9)\n    at throwErr (http://localhost:36021/__cypress/runner/cypress_runner.js:149867:11)\n    at Object.throwErrByPath (http://localhost:36021/__cypress/runner/cypress_runner.js:149915:3)\n    at retry (http://localhost:36021/__cypress/runner/cypress_runner.js:144197:19)\n    at onFailFn (http://localhost:36021/__cypress/runner/cypress_runner.js:132448:16)\n    at tryCatcher (http://localhost:36021/__cypress/runner/cypress_runner.js:167415:23)\n    at Promise._settlePromiseFromHandler (http://localhost:36021/__cypress/runner/cypress_runner.js:165351:31)\n    at Promise._settlePromise (http://localhost:36021/__cypress/runner/cypress_runner.js:165408:18)\n    at Promise._settlePromise0 (http://localhost:36021/__cypress/runner/cypress_runner.js:165453:10)\n    at Promise._settlePromises (http://localhost:36021/__cypress/runner/cypress_runner.js:165528:18)\n    at Async../node_modules/bluebird/js/release/async.js.Async._drainQueue (http://localhost:36021/__cypress/runner/cypress_runner.js:162140:16)\n    at Async../node_modules/bluebird/js/release/async.js.Async._drainQueues (http://localhost:36021/__cypress/runner/cypress_runner.js:162150:10)\n    at Async.drainQueues (http://localhost:36021/__cypress/runner/cypress_runner.js:162024:14)",
                "diff": null
              },
              "uuid": "59612b31-0f22-4eef-8205-d7382ffd7980",
              "parentUUID": "18149cf1-0bb9-4cf4-b675-d89ca9492d15",
              "isHook": false,
              "skipped": false
            },
            {
              "title": "Verifica se o input só aceita número maiores que zero. Essa restrição deve ser feita usando os atributos do elemento `input`",
              "fullTitle": "10 - Faça o quadro de pixels ter seu tamanho definido pelo usuário. Verifica se o input só aceita número maiores que zero. Essa restrição deve ser feita usando os atributos do elemento `input`",
              "timedOut": null,
              "duration": 4284,
              "state": "failed",
              "speed": null,
              "pass": false,
              "fail": true,
              "pending": false,
              "context": null,
              "code": "cy.get('#board-size[type=\\'number\\'][min=\\'1\\']');",
              "err": {
                "message": "CypressError: Timed out retrying: Expected to find element: '#board-size[type='number'][min='1']', but never found it.",
                "estack": "CypressError: Timed out retrying: Expected to find element: '#board-size[type='number'][min='1']', but never found it.\n    at cypressErr (http://localhost:36021/__cypress/runner/cypress_runner.js:149934:9)\n    at throwErr (http://localhost:36021/__cypress/runner/cypress_runner.js:149867:11)\n    at Object.throwErrByPath (http://localhost:36021/__cypress/runner/cypress_runner.js:149915:3)\n    at retry (http://localhost:36021/__cypress/runner/cypress_runner.js:144197:19)\n    at onFailFn (http://localhost:36021/__cypress/runner/cypress_runner.js:132448:16)\n    at tryCatcher (http://localhost:36021/__cypress/runner/cypress_runner.js:167415:23)\n    at Promise._settlePromiseFromHandler (http://localhost:36021/__cypress/runner/cypress_runner.js:165351:31)\n    at Promise._settlePromise (http://localhost:36021/__cypress/runner/cypress_runner.js:165408:18)\n    at Promise._settlePromise0 (http://localhost:36021/__cypress/runner/cypress_runner.js:165453:10)\n    at Promise._settlePromises (http://localhost:36021/__cypress/runner/cypress_runner.js:165528:18)\n    at Async../node_modules/bluebird/js/release/async.js.Async._drainQueue (http://localhost:36021/__cypress/runner/cypress_runner.js:162140:16)\n    at Async../node_modules/bluebird/js/release/async.js.Async._drainQueues (http://localhost:36021/__cypress/runner/cypress_runner.js:162150:10)\n    at Async.drainQueues (http://localhost:36021/__cypress/runner/cypress_runner.js:162024:14)",
                "diff": null
              },
              "uuid": "48215802-956d-4b4a-b8e4-ef3a8ec19129",
              "parentUUID": "18149cf1-0bb9-4cf4-b675-d89ca9492d15",
              "isHook": false,
              "skipped": false
            },
            {
              "title": "Verifica se o botão contém o texto 'VQV'",
              "fullTitle": "10 - Faça o quadro de pixels ter seu tamanho definido pelo usuário. Verifica se o botão contém o texto 'VQV'",
              "timedOut": null,
              "duration": 4358,
              "state": "failed",
              "speed": null,
              "pass": false,
              "fail": true,
              "pending": false,
              "context": null,
              "code": "cy.get('#generate-board').contains(/vqv/i);",
              "err": {
                "message": "CypressError: Timed out retrying: Expected to find element: '#generate-board', but never found it.",
                "estack": "CypressError: Timed out retrying: Expected to find element: '#generate-board', but never found it.\n    at cypressErr (http://localhost:36021/__cypress/runner/cypress_runner.js:149934:9)\n    at throwErr (http://localhost:36021/__cypress/runner/cypress_runner.js:149867:11)\n    at Object.throwErrByPath (http://localhost:36021/__cypress/runner/cypress_runner.js:149915:3)\n    at retry (http://localhost:36021/__cypress/runner/cypress_runner.js:144197:19)\n    at onFailFn (http://localhost:36021/__cypress/runner/cypress_runner.js:132448:16)\n    at tryCatcher (http://localhost:36021/__cypress/runner/cypress_runner.js:167415:23)\n    at Promise._settlePromiseFromHandler (http://localhost:36021/__cypress/runner/cypress_runner.js:165351:31)\n    at Promise._settlePromise (http://localhost:36021/__cypress/runner/cypress_runner.js:165408:18)\n    at Promise._settlePromise0 (http://localhost:36021/__cypress/runner/cypress_runner.js:165453:10)\n    at Promise._settlePromises (http://localhost:36021/__cypress/runner/cypress_runner.js:165528:18)\n    at Async../node_modules/bluebird/js/release/async.js.Async._drainQueue (http://localhost:36021/__cypress/runner/cypress_runner.js:162140:16)\n    at Async../node_modules/bluebird/js/release/async.js.Async._drainQueues (http://localhost:36021/__cypress/runner/cypress_runner.js:162150:10)\n    at Async.drainQueues (http://localhost:36021/__cypress/runner/cypress_runner.js:162024:14)",
                "diff": null
              },
              "uuid": "a3b6c987-c33f-400b-821b-4c74d2607682",
              "parentUUID": "18149cf1-0bb9-4cf4-b675-d89ca9492d15",
              "isHook": false,
              "skipped": false
            },
            {
              "title": "Verifica se o input está posicionado entre a paleta de cores e o quadro de pixels",
              "fullTitle": "10 - Faça o quadro de pixels ter seu tamanho definido pelo usuário. Verifica se o input está posicionado entre a paleta de cores e o quadro de pixels",
              "timedOut": null,
              "duration": 4391,
              "state": "failed",
              "speed": null,
              "pass": false,
              "fail": true,
              "pending": false,
              "context": null,
              "code": "cy.get('#color-palette').then(function (palette) {\n  cy.get('#board-size').should('be.belowOf', palette);\n});\ncy.get('#board-size').then(function (palette) {\n  cy.get('#pixel-board').should('be.belowOf', palette);\n});",
              "err": {
                "message": "CypressError: Timed out retrying: Expected to find element: '#board-size', but never found it.",
                "estack": "CypressError: Timed out retrying: Expected to find element: '#board-size', but never found it.\n    at cypressErr (http://localhost:36021/__cypress/runner/cypress_runner.js:149934:9)\n    at throwErr (http://localhost:36021/__cypress/runner/cypress_runner.js:149867:11)\n    at Object.throwErrByPath (http://localhost:36021/__cypress/runner/cypress_runner.js:149915:3)\n    at retry (http://localhost:36021/__cypress/runner/cypress_runner.js:144197:19)\n    at onFailFn (http://localhost:36021/__cypress/runner/cypress_runner.js:132448:16)\n    at tryCatcher (http://localhost:36021/__cypress/runner/cypress_runner.js:167415:23)\n    at Promise._settlePromiseFromHandler (http://localhost:36021/__cypress/runner/cypress_runner.js:165351:31)\n    at Promise._settlePromise (http://localhost:36021/__cypress/runner/cypress_runner.js:165408:18)\n    at Promise._settlePromise0 (http://localhost:36021/__cypress/runner/cypress_runner.js:165453:10)\n    at Promise._settlePromises (http://localhost:36021/__cypress/runner/cypress_runner.js:165528:18)\n    at Async../node_modules/bluebird/js/release/async.js.Async._drainQueue (http://localhost:36021/__cypress/runner/cypress_runner.js:162140:16)\n    at Async../node_modules/bluebird/js/release/async.js.Async._drainQueues (http://localhost:36021/__cypress/runner/cypress_runner.js:162150:10)\n    at Async.drainQueues (http://localhost:36021/__cypress/runner/cypress_runner.js:162024:14)",
                "diff": null
              },
              "uuid": "369786cc-777a-4bec-b356-2b73e266c6a7",
              "parentUUID": "18149cf1-0bb9-4cf4-b675-d89ca9492d15",
              "isHook": false,
              "skipped": false
            },
            {
              "title": "Verifica se o botão está posicionado ao lado do input",
              "fullTitle": "10 - Faça o quadro de pixels ter seu tamanho definido pelo usuário. Verifica se o botão está posicionado ao lado do input",
              "timedOut": null,
              "duration": 4311,
              "state": "failed",
              "speed": null,
              "pass": false,
              "fail": true,
              "pending": false,
              "context": null,
              "code": "cy.get('#board-size').then(function (board) {\n  cy.get('#generate-board').should('be.onTheRightOf', board);\n});",
              "err": {
                "message": "CypressError: Timed out retrying: Expected to find element: '#board-size', but never found it.",
                "estack": "CypressError: Timed out retrying: Expected to find element: '#board-size', but never found it.\n    at cypressErr (http://localhost:36021/__cypress/runner/cypress_runner.js:149934:9)\n    at throwErr (http://localhost:36021/__cypress/runner/cypress_runner.js:149867:11)\n    at Object.throwErrByPath (http://localhost:36021/__cypress/runner/cypress_runner.js:149915:3)\n    at retry (http://localhost:36021/__cypress/runner/cypress_runner.js:144197:19)\n    at onFailFn (http://localhost:36021/__cypress/runner/cypress_runner.js:132448:16)\n    at tryCatcher (http://localhost:36021/__cypress/runner/cypress_runner.js:167415:23)\n    at Promise._settlePromiseFromHandler (http://localhost:36021/__cypress/runner/cypress_runner.js:165351:31)\n    at Promise._settlePromise (http://localhost:36021/__cypress/runner/cypress_runner.js:165408:18)\n    at Promise._settlePromise0 (http://localhost:36021/__cypress/runner/cypress_runner.js:165453:10)\n    at Promise._settlePromises (http://localhost:36021/__cypress/runner/cypress_runner.js:165528:18)\n    at Async../node_modules/bluebird/js/release/async.js.Async._drainQueue (http://localhost:36021/__cypress/runner/cypress_runner.js:162140:16)\n    at Async../node_modules/bluebird/js/release/async.js.Async._drainQueues (http://localhost:36021/__cypress/runner/cypress_runner.js:162150:10)\n    at Async.drainQueues (http://localhost:36021/__cypress/runner/cypress_runner.js:162024:14)",
                "diff": null
              },
              "uuid": "5f2c5f8d-e8d6-4ca2-b7e6-4eb29451b47b",
              "parentUUID": "18149cf1-0bb9-4cf4-b675-d89ca9492d15",
              "isHook": false,
              "skipped": false
            },
            {
              "title": "Verifica se nenhum valor for colocado no input ao clicar no botão, um `alert` é exibido com o texto: 'Board inválido!'",
              "fullTitle": "10 - Faça o quadro de pixels ter seu tamanho definido pelo usuário. Verifica se nenhum valor for colocado no input ao clicar no botão, um `alert` é exibido com o texto: 'Board inválido!'",
              "timedOut": null,
              "duration": 4332,
              "state": "failed",
              "speed": null,
              "pass": false,
              "fail": true,
              "pending": false,
              "context": null,
              "code": "var alerted = false;\ncy.on('window:alert', function (msg) {\n  return alerted = msg;\n});\ncy.get('#generate-board').click().then(function () {\n  return expect(alerted).to.match(/Board inválido!/i);\n});",
              "err": {
                "message": "CypressError: Timed out retrying: Expected to find element: '#generate-board', but never found it.",
                "estack": "CypressError: Timed out retrying: Expected to find element: '#generate-board', but never found it.\n    at cypressErr (http://localhost:36021/__cypress/runner/cypress_runner.js:149934:9)\n    at throwErr (http://localhost:36021/__cypress/runner/cypress_runner.js:149867:11)\n    at Object.throwErrByPath (http://localhost:36021/__cypress/runner/cypress_runner.js:149915:3)\n    at retry (http://localhost:36021/__cypress/runner/cypress_runner.js:144197:19)\n    at onFailFn (http://localhost:36021/__cypress/runner/cypress_runner.js:132448:16)\n    at tryCatcher (http://localhost:36021/__cypress/runner/cypress_runner.js:167415:23)\n    at Promise._settlePromiseFromHandler (http://localhost:36021/__cypress/runner/cypress_runner.js:165351:31)\n    at Promise._settlePromise (http://localhost:36021/__cypress/runner/cypress_runner.js:165408:18)\n    at Promise._settlePromise0 (http://localhost:36021/__cypress/runner/cypress_runner.js:165453:10)\n    at Promise._settlePromises (http://localhost:36021/__cypress/runner/cypress_runner.js:165528:18)\n    at Async../node_modules/bluebird/js/release/async.js.Async._drainQueue (http://localhost:36021/__cypress/runner/cypress_runner.js:162140:16)\n    at Async../node_modules/bluebird/js/release/async.js.Async._drainQueues (http://localhost:36021/__cypress/runner/cypress_runner.js:162150:10)\n    at Async.drainQueues (http://localhost:36021/__cypress/runner/cypress_runner.js:162024:14)",
                "diff": null
              },
              "uuid": "ff462aed-d1c1-4adf-a0d9-1200085ed5fd",
              "parentUUID": "18149cf1-0bb9-4cf4-b675-d89ca9492d15",
              "isHook": false,
              "skipped": false
            },
            {
              "title": "Verifica se ao clicar no botão com um valor preenchido, o tamanho do board muda.",
              "fullTitle": "10 - Faça o quadro de pixels ter seu tamanho definido pelo usuário. Verifica se ao clicar no botão com um valor preenchido, o tamanho do board muda.",
              "timedOut": null,
              "duration": 4314,
              "state": "failed",
              "speed": null,
              "pass": false,
              "fail": true,
              "pending": false,
              "context": null,
              "code": "cy.get('#board-size').clear().type(10);\ncy.get('#generate-board').click();\ncy.get('.pixel').should('have.length', 100);",
              "err": {
                "message": "CypressError: Timed out retrying: Expected to find element: '#board-size', but never found it.",
                "estack": "CypressError: Timed out retrying: Expected to find element: '#board-size', but never found it.\n    at cypressErr (http://localhost:36021/__cypress/runner/cypress_runner.js:149934:9)\n    at throwErr (http://localhost:36021/__cypress/runner/cypress_runner.js:149867:11)\n    at Object.throwErrByPath (http://localhost:36021/__cypress/runner/cypress_runner.js:149915:3)\n    at retry (http://localhost:36021/__cypress/runner/cypress_runner.js:144197:19)\n    at onFailFn (http://localhost:36021/__cypress/runner/cypress_runner.js:132448:16)\n    at tryCatcher (http://localhost:36021/__cypress/runner/cypress_runner.js:167415:23)\n    at Promise._settlePromiseFromHandler (http://localhost:36021/__cypress/runner/cypress_runner.js:165351:31)\n    at Promise._settlePromise (http://localhost:36021/__cypress/runner/cypress_runner.js:165408:18)\n    at Promise._settlePromise0 (http://localhost:36021/__cypress/runner/cypress_runner.js:165453:10)\n    at Promise._settlePromises (http://localhost:36021/__cypress/runner/cypress_runner.js:165528:18)\n    at Async../node_modules/bluebird/js/release/async.js.Async._drainQueue (http://localhost:36021/__cypress/runner/cypress_runner.js:162140:16)\n    at Async../node_modules/bluebird/js/release/async.js.Async._drainQueues (http://localhost:36021/__cypress/runner/cypress_runner.js:162150:10)\n    at Async.drainQueues (http://localhost:36021/__cypress/runner/cypress_runner.js:162024:14)",
                "diff": null
              },
              "uuid": "4bac5f5b-78b6-4c48-9571-0473669a9047",
              "parentUUID": "18149cf1-0bb9-4cf4-b675-d89ca9492d15",
              "isHook": false,
              "skipped": false
            },
            {
              "title": "Verifica se o novo quadro tem todos os pixels preenchidos com a cor branca",
              "fullTitle": "10 - Faça o quadro de pixels ter seu tamanho definido pelo usuário. Verifica se o novo quadro tem todos os pixels preenchidos com a cor branca",
              "timedOut": null,
              "duration": 4285,
              "state": "failed",
              "speed": null,
              "pass": false,
              "fail": true,
              "pending": false,
              "context": null,
              "code": "cy.get('#board-size').clear().type(6);\ncy.get('#generate-board').click();\ncy.get('.pixel').should('have.length', 36).each(function (pixel) {\n  expect(pixel).to.have.css('background-color', WHITE);\n});",
              "err": {
                "message": "CypressError: Timed out retrying: Expected to find element: '#board-size', but never found it.",
                "estack": "CypressError: Timed out retrying: Expected to find element: '#board-size', but never found it.\n    at cypressErr (http://localhost:36021/__cypress/runner/cypress_runner.js:149934:9)\n    at throwErr (http://localhost:36021/__cypress/runner/cypress_runner.js:149867:11)\n    at Object.throwErrByPath (http://localhost:36021/__cypress/runner/cypress_runner.js:149915:3)\n    at retry (http://localhost:36021/__cypress/runner/cypress_runner.js:144197:19)\n    at onFailFn (http://localhost:36021/__cypress/runner/cypress_runner.js:132448:16)\n    at tryCatcher (http://localhost:36021/__cypress/runner/cypress_runner.js:167415:23)\n    at Promise._settlePromiseFromHandler (http://localhost:36021/__cypress/runner/cypress_runner.js:165351:31)\n    at Promise._settlePromise (http://localhost:36021/__cypress/runner/cypress_runner.js:165408:18)\n    at Promise._settlePromise0 (http://localhost:36021/__cypress/runner/cypress_runner.js:165453:10)\n    at Promise._settlePromises (http://localhost:36021/__cypress/runner/cypress_runner.js:165528:18)\n    at Async../node_modules/bluebird/js/release/async.js.Async._drainQueue (http://localhost:36021/__cypress/runner/cypress_runner.js:162140:16)\n    at Async../node_modules/bluebird/js/release/async.js.Async._drainQueues (http://localhost:36021/__cypress/runner/cypress_runner.js:162150:10)\n    at Async.drainQueues (http://localhost:36021/__cypress/runner/cypress_runner.js:162024:14)",
                "diff": null
              },
              "uuid": "86791634-64fe-44de-bece-075aa1909e4e",
              "parentUUID": "18149cf1-0bb9-4cf4-b675-d89ca9492d15",
              "isHook": false,
              "skipped": false
            }
          ],
          "suites": [],
          "passes": [],
          "failures": [
            "edbb7f86-1f55-4b59-9a4e-d912d3f6a31c",
            "59612b31-0f22-4eef-8205-d7382ffd7980",
            "48215802-956d-4b4a-b8e4-ef3a8ec19129",
            "a3b6c987-c33f-400b-821b-4c74d2607682",
            "369786cc-777a-4bec-b356-2b73e266c6a7",
            "5f2c5f8d-e8d6-4ca2-b7e6-4eb29451b47b",
            "ff462aed-d1c1-4adf-a0d9-1200085ed5fd",
            "4bac5f5b-78b6-4c48-9571-0473669a9047",
            "86791634-64fe-44de-bece-075aa1909e4e"
          ],
          "pending": [],
          "skipped": [],
          "duration": 38881,
          "root": false,
          "rootEmpty": false,
          "_timeout": 2000
        },
        {
          "uuid": "c1595746-6177-4dc1-b463-c2ea6e84d527",
          "title": "11 - Limite o tamanho mínimo e máximo do board.",
          "fullFile": "",
          "file": "",
          "beforeHooks": [],
          "afterHooks": [],
          "tests": [
            {
              "title": "Verifica se a altura máxima do board é 50",
              "fullTitle": "11 - Limite o tamanho mínimo e máximo do board. Verifica se a altura máxima do board é 50",
              "timedOut": null,
              "duration": 4468,
              "state": "failed",
              "speed": null,
              "pass": false,
              "fail": true,
              "pending": false,
              "context": null,
              "code": "cy.get('#board-size').clear().type(50);\ncy.get('#generate-board').click();\ncy.get('.pixel').should('have.length', 2500);",
              "err": {
                "message": "CypressError: Timed out retrying: Expected to find element: '#board-size', but never found it.",
                "estack": "CypressError: Timed out retrying: Expected to find element: '#board-size', but never found it.\n    at cypressErr (http://localhost:36021/__cypress/runner/cypress_runner.js:149934:9)\n    at throwErr (http://localhost:36021/__cypress/runner/cypress_runner.js:149867:11)\n    at Object.throwErrByPath (http://localhost:36021/__cypress/runner/cypress_runner.js:149915:3)\n    at retry (http://localhost:36021/__cypress/runner/cypress_runner.js:144197:19)\n    at onFailFn (http://localhost:36021/__cypress/runner/cypress_runner.js:132448:16)\n    at tryCatcher (http://localhost:36021/__cypress/runner/cypress_runner.js:167415:23)\n    at Promise._settlePromiseFromHandler (http://localhost:36021/__cypress/runner/cypress_runner.js:165351:31)\n    at Promise._settlePromise (http://localhost:36021/__cypress/runner/cypress_runner.js:165408:18)\n    at Promise._settlePromise0 (http://localhost:36021/__cypress/runner/cypress_runner.js:165453:10)\n    at Promise._settlePromises (http://localhost:36021/__cypress/runner/cypress_runner.js:165528:18)\n    at Async../node_modules/bluebird/js/release/async.js.Async._drainQueue (http://localhost:36021/__cypress/runner/cypress_runner.js:162140:16)\n    at Async../node_modules/bluebird/js/release/async.js.Async._drainQueues (http://localhost:36021/__cypress/runner/cypress_runner.js:162150:10)\n    at Async.drainQueues (http://localhost:36021/__cypress/runner/cypress_runner.js:162024:14)",
                "diff": null
              },
              "uuid": "4fb1a987-6f67-41c1-9c84-d422c01e8e58",
              "parentUUID": "c1595746-6177-4dc1-b463-c2ea6e84d527",
              "isHook": false,
              "skipped": false
            },
            {
              "title": "Verifica se a altura do board é 5 quando um valor menor é colocado no input",
              "fullTitle": "11 - Limite o tamanho mínimo e máximo do board. Verifica se a altura do board é 5 quando um valor menor é colocado no input",
              "timedOut": null,
              "duration": 4278,
              "state": "failed",
              "speed": null,
              "pass": false,
              "fail": true,
              "pending": false,
              "context": null,
              "code": "cy.get('#board-size').clear().type(4);\ncy.get('#generate-board').click();\ncy.get('.pixel').should('have.length', 25);",
              "err": {
                "message": "CypressError: Timed out retrying: Expected to find element: '#board-size', but never found it.",
                "estack": "CypressError: Timed out retrying: Expected to find element: '#board-size', but never found it.\n    at cypressErr (http://localhost:36021/__cypress/runner/cypress_runner.js:149934:9)\n    at throwErr (http://localhost:36021/__cypress/runner/cypress_runner.js:149867:11)\n    at Object.throwErrByPath (http://localhost:36021/__cypress/runner/cypress_runner.js:149915:3)\n    at retry (http://localhost:36021/__cypress/runner/cypress_runner.js:144197:19)\n    at onFailFn (http://localhost:36021/__cypress/runner/cypress_runner.js:132448:16)\n    at tryCatcher (http://localhost:36021/__cypress/runner/cypress_runner.js:167415:23)\n    at Promise._settlePromiseFromHandler (http://localhost:36021/__cypress/runner/cypress_runner.js:165351:31)\n    at Promise._settlePromise (http://localhost:36021/__cypress/runner/cypress_runner.js:165408:18)\n    at Promise._settlePromise0 (http://localhost:36021/__cypress/runner/cypress_runner.js:165453:10)\n    at Promise._settlePromises (http://localhost:36021/__cypress/runner/cypress_runner.js:165528:18)\n    at Async../node_modules/bluebird/js/release/async.js.Async._drainQueue (http://localhost:36021/__cypress/runner/cypress_runner.js:162140:16)\n    at Async../node_modules/bluebird/js/release/async.js.Async._drainQueues (http://localhost:36021/__cypress/runner/cypress_runner.js:162150:10)\n    at Async.drainQueues (http://localhost:36021/__cypress/runner/cypress_runner.js:162024:14)",
                "diff": null
              },
              "uuid": "75538277-a64d-47ed-a129-01cd585699a7",
              "parentUUID": "c1595746-6177-4dc1-b463-c2ea6e84d527",
              "isHook": false,
              "skipped": false
            },
            {
              "title": "Verifica se a altura do board é 50 quando um valor maior é colocado no input",
              "fullTitle": "11 - Limite o tamanho mínimo e máximo do board. Verifica se a altura do board é 50 quando um valor maior é colocado no input",
              "timedOut": null,
              "duration": 4344,
              "state": "failed",
              "speed": null,
              "pass": false,
              "fail": true,
              "pending": false,
              "context": null,
              "code": "cy.get('#board-size').clear().type(51);\ncy.get('#generate-board').click();\ncy.get('.pixel').should('have.length', 2500);",
              "err": {
                "message": "CypressError: Timed out retrying: Expected to find element: '#board-size', but never found it.",
                "estack": "CypressError: Timed out retrying: Expected to find element: '#board-size', but never found it.\n    at cypressErr (http://localhost:36021/__cypress/runner/cypress_runner.js:149934:9)\n    at throwErr (http://localhost:36021/__cypress/runner/cypress_runner.js:149867:11)\n    at Object.throwErrByPath (http://localhost:36021/__cypress/runner/cypress_runner.js:149915:3)\n    at retry (http://localhost:36021/__cypress/runner/cypress_runner.js:144197:19)\n    at onFailFn (http://localhost:36021/__cypress/runner/cypress_runner.js:132448:16)\n    at tryCatcher (http://localhost:36021/__cypress/runner/cypress_runner.js:167415:23)\n    at Promise._settlePromiseFromHandler (http://localhost:36021/__cypress/runner/cypress_runner.js:165351:31)\n    at Promise._settlePromise (http://localhost:36021/__cypress/runner/cypress_runner.js:165408:18)\n    at Promise._settlePromise0 (http://localhost:36021/__cypress/runner/cypress_runner.js:165453:10)\n    at Promise._settlePromises (http://localhost:36021/__cypress/runner/cypress_runner.js:165528:18)\n    at Async../node_modules/bluebird/js/release/async.js.Async._drainQueue (http://localhost:36021/__cypress/runner/cypress_runner.js:162140:16)\n    at Async../node_modules/bluebird/js/release/async.js.Async._drainQueues (http://localhost:36021/__cypress/runner/cypress_runner.js:162150:10)\n    at Async.drainQueues (http://localhost:36021/__cypress/runner/cypress_runner.js:162024:14)",
                "diff": null
              },
              "uuid": "12603b74-c58b-4172-b1c3-49b9e8094e64",
              "parentUUID": "c1595746-6177-4dc1-b463-c2ea6e84d527",
              "isHook": false,
              "skipped": false
            }
          ],
          "suites": [],
          "passes": [],
          "failures": [
            "4fb1a987-6f67-41c1-9c84-d422c01e8e58",
            "75538277-a64d-47ed-a129-01cd585699a7",
            "12603b74-c58b-4172-b1c3-49b9e8094e64"
          ],
          "pending": [],
          "skipped": [],
          "duration": 13090,
          "root": false,
          "rootEmpty": false,
          "_timeout": 2000
        },
        {
          "uuid": "17177b6e-862d-43ea-98ce-423d9dbcc8cb",
          "title": "12 - Faça com que as cores da paleta sejam geradas aleatoriamente ao carregar a página.",
          "fullFile": "",
          "file": "",
          "beforeHooks": [],
          "afterHooks": [],
          "tests": [
            {
              "title": "Verifica se as cores geradas na paleta são diferentes a cada carregamento da página",
              "fullTitle": "12 - Faça com que as cores da paleta sejam geradas aleatoriamente ao carregar a página. Verifica se as cores geradas na paleta são diferentes a cada carregamento da página",
              "timedOut": null,
              "duration": 550,
              "state": "failed",
              "speed": null,
              "pass": false,
              "fail": true,
              "pending": false,
              "context": null,
              "code": "cy.get('.color').then(function (colors) {\n  var currentColors;\n  var previousColors;\n  previousColors = Array.from(colors).map(function (color) {\n    return Cypress.$(color).css('background-color');\n  });\n  for (var i = 0; i < 5; i += 1) {\n    cy.reload();\n    cy.get('.color').then(function (colors) {\n      currentColors = Array.from(colors).map(function (color) {\n        return Cypress.$(color).css('background-color');\n      });\n      expect(currentColors).not.to.deep.equal(previousColors);\n      previousColors = currentColors;\n    });\n  }\n});",
              "err": {
                "message": "AssertionError: expected [ Array(4) ] to not deeply equal [ Array(4) ]",
                "estack": "AssertionError: expected [ Array(4) ] to not deeply equal [ Array(4) ]\n    at getRet (http://localhost:36021/__cypress/runner/cypress_runner.js:136585:16)\n    at tryCatcher (http://localhost:36021/__cypress/runner/cypress_runner.js:167415:23)\n    at Function.Promise.attempt.Promise.try (http://localhost:36021/__cypress/runner/cypress_runner.js:164690:29)\n    at Context.thenFn (http://localhost:36021/__cypress/runner/cypress_runner.js:136599:23)\n    at Context.then (http://localhost:36021/__cypress/runner/cypress_runner.js:136971:21)\n    at Context.<anonymous> (http://localhost:36021/__cypress/runner/cypress_runner.js:148875:21)\n    at http://localhost:36021/__cypress/runner/cypress_runner.js:148351:33\n    at tryCatcher (http://localhost:36021/__cypress/runner/cypress_runner.js:167415:23)\n    at Promise._settlePromiseFromHandler (http://localhost:36021/__cypress/runner/cypress_runner.js:165351:31)\n    at Promise._settlePromise (http://localhost:36021/__cypress/runner/cypress_runner.js:165408:18)\n    at Promise._settlePromiseCtx (http://localhost:36021/__cypress/runner/cypress_runner.js:165445:10)\n    at Async../node_modules/bluebird/js/release/async.js.Async._drainQueue (http://localhost:36021/__cypress/runner/cypress_runner.js:162145:12)\n    at Async../node_modules/bluebird/js/release/async.js.Async._drainQueues (http://localhost:36021/__cypress/runner/cypress_runner.js:162150:10)\n    at Async.drainQueues (http://localhost:36021/__cypress/runner/cypress_runner.js:162024:14)",
                "diff": ""
              },
              "uuid": "d3650528-f1e3-40b6-8653-b7c7f99b7acd",
              "parentUUID": "17177b6e-862d-43ea-98ce-423d9dbcc8cb",
              "isHook": false,
              "skipped": false
            },
            {
              "title": "Verifica se a cor preta ainda está presente e é a primeira na sua paleta de cores",
              "fullTitle": "12 - Faça com que as cores da paleta sejam geradas aleatoriamente ao carregar a página. Verifica se a cor preta ainda está presente e é a primeira na sua paleta de cores",
              "timedOut": null,
              "duration": 558,
              "state": "failed",
              "speed": null,
              "pass": false,
              "fail": true,
              "pending": false,
              "context": null,
              "code": "cy.get('.color').then(function (colors) {\n  var currentColors;\n  var previousColors;\n  previousColors = Array.from(colors).map(function (color) {\n    return Cypress.$(color).css('background-color');\n  });\n  expect(previousColors[0]).to.eq(BLACK);\n  for (var i = 0; i < 5; i += 1) {\n    cy.reload();\n    cy.get('.color').then(function (colors) {\n      currentColors = Array.from(colors).map(function (color) {\n        return Cypress.$(color).css('background-color');\n      });\n      expect(currentColors[0]).to.eq(BLACK);\n      expect(currentColors).not.to.deep.equal(previousColors);\n      previousColors = currentColors;\n    });\n  }\n});",
              "err": {
                "message": "AssertionError: expected [ Array(4) ] to not deeply equal [ Array(4) ]",
                "estack": "AssertionError: expected [ Array(4) ] to not deeply equal [ Array(4) ]\n    at getRet (http://localhost:36021/__cypress/runner/cypress_runner.js:136585:16)\n    at tryCatcher (http://localhost:36021/__cypress/runner/cypress_runner.js:167415:23)\n    at Function.Promise.attempt.Promise.try (http://localhost:36021/__cypress/runner/cypress_runner.js:164690:29)\n    at Context.thenFn (http://localhost:36021/__cypress/runner/cypress_runner.js:136599:23)\n    at Context.then (http://localhost:36021/__cypress/runner/cypress_runner.js:136971:21)\n    at Context.<anonymous> (http://localhost:36021/__cypress/runner/cypress_runner.js:148875:21)\n    at http://localhost:36021/__cypress/runner/cypress_runner.js:148351:33\n    at tryCatcher (http://localhost:36021/__cypress/runner/cypress_runner.js:167415:23)\n    at Promise._settlePromiseFromHandler (http://localhost:36021/__cypress/runner/cypress_runner.js:165351:31)\n    at Promise._settlePromise (http://localhost:36021/__cypress/runner/cypress_runner.js:165408:18)\n    at Promise._settlePromiseCtx (http://localhost:36021/__cypress/runner/cypress_runner.js:165445:10)\n    at Async../node_modules/bluebird/js/release/async.js.Async._drainQueue (http://localhost:36021/__cypress/runner/cypress_runner.js:162145:12)\n    at Async../node_modules/bluebird/js/release/async.js.Async._drainQueues (http://localhost:36021/__cypress/runner/cypress_runner.js:162150:10)\n    at Async.drainQueues (http://localhost:36021/__cypress/runner/cypress_runner.js:162024:14)",
                "diff": ""
              },
              "uuid": "0ad36c4a-990c-4582-ba76-f97523720ba2",
              "parentUUID": "17177b6e-862d-43ea-98ce-423d9dbcc8cb",
              "isHook": false,
              "skipped": false
            }
          ],
          "suites": [],
          "passes": [],
          "failures": [
            "d3650528-f1e3-40b6-8653-b7c7f99b7acd",
            "0ad36c4a-990c-4582-ba76-f97523720ba2"
          ],
          "pending": [],
          "skipped": [],
          "duration": 1108,
          "root": false,
          "rootEmpty": false,
          "_timeout": 2000
        }
      ],
      "passes": [],
      "failures": [],
      "pending": [],
      "skipped": [],
      "duration": 0,
      "root": true,
      "rootEmpty": true,
      "_timeout": 2000
    }
  ],
  "meta": {
    "mocha": {
      "version": "7.0.1"
    },
    "mochawesome": {
      "options": {
        "quiet": false,
        "reportFilename": "mochawesome",
        "saveHtml": false,
        "saveJson": true,
        "consoleReporter": "spec",
        "useInlineDiffs": false
      },
      "version": "4.1.0"
    },
    "marge": {
      "options": {
        "id": "default",
        "reportDir": "cypress/reports",
        "overwrite": true,
        "html": false,
        "json": true
      },
      "version": "4.1.0"
    }
  }
}